<?xml version="1.0" encoding="UTF-8"?>
<!-- Generated by org.testng.reporters.JUnitReportReporter -->
<testsuite hostname="LAPTOP-BUNIBA9L" failures="0" tests="6" name="testrunner.LoginTestNgTestRunner" time="0.150" errors="0" timestamp="2022-06-02T16:27:41 IST" skipped="0">
  <testcase classname="testrunner.LoginTestNgTestRunner" name="runScenario" time="0.006"/>
  <system-out/>
  <testcase classname="testrunner.LoginTestNgTestRunner" name="runScenario" time="0.108"/>
  <system-out/>
  <testcase classname="testrunner.LoginTestNgTestRunner" name="runScenario" time="0.013"/>
  <system-out/>
  <testcase classname="testrunner.LoginTestNgTestRunner" name="runScenario" time="0.007"/>
  <system-out/>
  <testcase classname="testrunner.LoginTestNgTestRunner" name="runScenario" time="0.011"/>
  <system-out/>
  <testcase classname="testrunner.LoginTestNgTestRunner" name="runScenario" time="0.005"/>
  <system-out/>
</testsuite> <!-- testrunner.LoginTestNgTestRunner -->
