<?xml version="1.0" encoding="UTF-8"?>
<!-- Generated by org.testng.reporters.JUnitReportReporter -->
<testsuite hostname="LAPTOP-BUNIBA9L" failures="0" tests="6" name="testrunner.LoginTestNgTestRunner" time="0.176" errors="0" timestamp="2022-05-28T13:05:50 IST" skipped="0">
  <testcase classname="testrunner.LoginTestNgTestRunner" name="runScenario" time="0.013"/>
  <system-out/>
  <testcase classname="testrunner.LoginTestNgTestRunner" name="runScenario" time="0.006"/>
  <system-out/>
  <testcase classname="testrunner.LoginTestNgTestRunner" name="runScenario" time="0.014"/>
  <system-out/>
  <testcase classname="testrunner.LoginTestNgTestRunner" name="runScenario" time="0.006"/>
  <system-out/>
  <testcase classname="testrunner.LoginTestNgTestRunner" name="runScenario" time="0.131"/>
  <system-out/>
  <testcase classname="testrunner.LoginTestNgTestRunner" name="runScenario" time="0.006"/>
  <system-out/>
</testsuite> <!-- testrunner.LoginTestNgTestRunner -->
